{ "hts_SuperDeduper": {
    "Program_details": {
        "program": "hts_SuperDeduper",
        "version": "v1.3.0-release",
        "options": {
            "avg-qual-score": 30,
            "fastq-output": "/N/slate/danschw/spore-gfp-seq/data/dedup/GSF2865-dSpoIIE-ANC",
            "force": false,
            "inform-avg-qual-score": 5,
            "length": 10,
            "log_freq": 1000000,
            "notes": "",
            "read1-input": [ "/N/slate/danschw/spore-gfp-seq/data/input/sequencing_reads/GSF2865-dSpoIIE-ANC-ANC-pl_S2_R1_001.fastq.gz"],
            "read2-input": [ "/N/slate/danschw/spore-gfp-seq/data/input/sequencing_reads/GSF2865-dSpoIIE-ANC-ANC-pl_S2_R2_001.fastq.gz"],
            "start": 10,
            "stats-file": "/N/slate/danschw/spore-gfp-seq/data/dedup/GSF2865-dSpoIIE-ANC.log",
            "uncompressed": false
        }
    },
    "Fragment": {
        "in": 1750576,
        "out": 1660134,
        "basepairs_in": 528673952,
        "basepairs_out": 501360468,
        "ignored": 14,
        "duplicate": 90428,
        "duplicate_saturation": [ [1000000,34126], [1750576,90428] ]
    },
    "Single_end": {
        "in": 0,
        "out": 0,
        "basepairs_in": 0,
        "basepairs_out": 0
    },
    "Paired_end": {
        "in": 1750576,
        "out": 1660134,
        "Read1": {
            "basepairs_in": 264336976,
            "basepairs_out": 250680234
        },
        "Read2": {
            "basepairs_in": 264336976,
            "basepairs_out": 250680234
        }
    }
  }
}
